<?xml version="1.0" encoding="UTF-8"?>
<!-- Generated by org.testng.reporters.JUnitReportReporter -->
<testsuite hostname="userft-PC" name="day6_sat3.Excel_JXL" tests="1" failures="0" timestamp="3 Mar 2018 07:18:52 GMT" time="10.090" errors="0">
  <testcase name="f" time="10.090" classname="day6_sat3.Excel_JXL"/>
</testsuite> <!-- day6_sat3.Excel_JXL -->
