<?xml version="1.0" encoding="UTF-8"?>
<!-- Generated by org.testng.reporters.JUnitReportReporter -->
<testsuite hostname="userft-PC" name="day2_sun18.Links_All" tests="1" failures="0" timestamp="11 Mar 2018 07:07:12 GMT" time="70.297" errors="0">
  <testcase name="links" time="70.297" classname="day2_sun18.Links_All"/>
</testsuite> <!-- day2_sun18.Links_All -->
