<?xml version="1.0" encoding="UTF-8"?>
<!-- Generated by org.testng.reporters.JUnitReportReporter -->
<testsuite hostname="userft-PC" name="day6_sat3.DatePicker_JSE" tests="1" failures="0" timestamp="3 Mar 2018 10:06:30 GMT" time="29.530" errors="0">
  <testcase name="f" time="29.530" classname="day6_sat3.DatePicker_JSE"/>
</testsuite> <!-- day6_sat3.DatePicker_JSE -->
