<?xml version="1.0" encoding="UTF-8"?>
<!-- Generated by org.testng.reporters.JUnitReportReporter -->
<testsuite hostname="userft-PC" name="day6_sat3.Hidden_JSE" tests="1" failures="0" timestamp="3 Mar 2018 09:55:39 GMT" time="10.315" errors="0">
  <testcase name="f" time="10.315" classname="day6_sat3.Hidden_JSE"/>
</testsuite> <!-- day6_sat3.Hidden_JSE -->
