<?xml version="1.0" encoding="UTF-8"?>
<!-- Generated by org.testng.reporters.JUnitReportReporter -->
<testsuite hostname="userft-PC" name="day6_sat3.Windows_handle" tests="1" failures="0" timestamp="3 Mar 2018 11:04:27 GMT" time="21.495" errors="0">
  <testcase name="f" time="21.495" classname="day6_sat3.Windows_handle"/>
</testsuite> <!-- day6_sat3.Windows_handle -->
