<?xml version="1.0" encoding="UTF-8"?>
<!-- Generated by org.testng.reporters.JUnitReportReporter -->
<testsuite hostname="userft-PC" name="day6_sat3.Excel_Poi_Multipledata" tests="1" failures="0" timestamp="3 Mar 2018 07:52:50 GMT" time="20.103" errors="0">
  <testcase name="f" time="20.103" classname="day6_sat3.Excel_Poi_Multipledata"/>
</testsuite> <!-- day6_sat3.Excel_Poi_Multipledata -->
