<?xml version="1.0" encoding="UTF-8"?>
<!-- Generated by org.testng.reporters.JUnitReportReporter -->
<testsuite hostname="userft-PC" name="day6_sat3.Excel_POI_Login" tests="1" failures="0" timestamp="3 Mar 2018 07:34:17 GMT" time="10.881" errors="0">
  <testcase name="loginApp" time="10.881" classname="day6_sat3.Excel_POI_Login"/>
</testsuite> <!-- day6_sat3.Excel_POI_Login -->
