<?xml version="1.0" encoding="UTF-8"?>
<!-- Generated by org.testng.reporters.JUnitReportReporter -->
<testsuite hostname="userft-PC" name="testng_sun25.NewTest" tests="2" failures="0" timestamp="25 Feb 2018 10:28:26 GMT" time="0.023" errors="0">
  <testcase name="a" time="0.008" classname="testng_sun25.NewTest"/>
  <testcase name="f" time="0.015" classname="testng_sun25.NewTest"/>
</testsuite> <!-- testng_sun25.NewTest -->
