<?xml version="1.0" encoding="UTF-8"?>
<!-- Generated by org.testng.reporters.JUnitReportReporter -->
<testsuite hostname="userft-PC" name="day6_sat3.Properties_Test" tests="1" failures="0" timestamp="3 Mar 2018 09:29:01 GMT" time="13.701" errors="0">
  <testcase name="f" time="13.701" classname="day6_sat3.Properties_Test"/>
</testsuite> <!-- day6_sat3.Properties_Test -->
