<?xml version="1.0" encoding="UTF-8"?>
<!-- Generated by org.testng.reporters.JUnitReportReporter -->
<testsuite hostname="userft-PC" name="day2_sun18.Element_Present" tests="1" failures="0" timestamp="11 Mar 2018 07:07:12 GMT" time="10.938" errors="0">
  <testcase name="ff" time="10.938" classname="day2_sun18.Element_Present"/>
</testsuite> <!-- day2_sun18.Element_Present -->
