<?xml version="1.0" encoding="UTF-8"?>
<!-- Generated by org.testng.reporters.JUnitReportReporter -->
<testsuite hostname="userft-PC" name="day4.SaveFile_Robot" tests="1" failures="0" timestamp="25 Feb 2018 10:11:05 GMT" time="11.266" errors="0">
  <testcase name="robo" time="11.266" classname="day4.SaveFile_Robot"/>
</testsuite> <!-- day4.SaveFile_Robot -->
