<?xml version="1.0" encoding="UTF-8"?>
<!-- Generated by org.testng.reporters.JUnitReportReporter -->
<testsuite hostname="userft-PC" name="testng_sun25.ImplicitWait" tests="1" failures="0" timestamp="11 Mar 2018 07:07:12 GMT" time="17.683" errors="0">
  <testcase name="f" time="17.683" classname="testng_sun25.ImplicitWait"/>
</testsuite> <!-- testng_sun25.ImplicitWait -->
