<?xml version="1.0" encoding="UTF-8"?>
<!-- Generated by org.testng.reporters.JUnitReportReporter -->
<testsuite hostname="userft-PC" name="day6_sat3.Grid_Br" tests="1" failures="0" timestamp="3 Mar 2018 11:43:17 GMT" time="7.109" errors="0">
  <testcase name="f" time="7.109" classname="day6_sat3.Grid_Br"/>
</testsuite> <!-- day6_sat3.Grid_Br -->
